#
# A fatal error has been detected by the Java Runtime Environment:
#
#  Internal Error (javaClasses.cpp:136), pid=6600, tid=7388
#  fatal error: Invalid layout of preloaded class
#
# JRE version:  (7.0_79-b15) (build )
# Java VM: Java HotSpot(TM) 64-Bit Server VM (24.79-b02 mixed mode windows-amd64 compressed oops)
# Failed to write core dump. Minidumps are not enabled by default on client versions of Windows
#
# If you would like to submit a bug report, please visit:
#   http://bugreport.java.com/bugreport/crash.jsp
#

---------------  T H R E A D  ---------------

Current thread (0x000000000028d800):  JavaThread "Unknown thread" [_thread_in_vm, id=7388, stack(0x0000000002720000,0x0000000002820000)]

Stack: [0x0000000002720000,0x0000000002820000]
[error occurred during error reporting (printing stack bounds), id 0xc0000005]


---------------  P R O C E S S  ---------------

Java Threads: ( => current thread )

Other Threads:

=>0x000000000028d800 (exited) JavaThread "Unknown thread" [_thread_in_vm, id=7388, stack(0x0000000002720000,0x0000000002820000)]

VM state:not at safepoint (not fully initialized)

VM Mutex/Monitor currently owned by a thread: None

GC Heap History (0 events):
No events

Deoptimization events (0 events):
No events

Internal exceptions (0 events):
No events

Events (10 events):
Event: 0.011 loading class 0x000000000251c9e0 done
Event: 0.011 loading class 0x000000000251c3e0 done
Event: 0.011 loading class 0x000000000251c3c0
Event: 0.011 loading class 0x0000000002524530
Event: 0.011 loading class 0x0000000002524530 done
Event: 0.011 loading class 0x0000000002524560
Event: 0.011 loading class 0x0000000002524560 done
Event: 0.011 loading class 0x0000000002524590
Event: 0.011 loading class 0x0000000002524590 done
Event: 0.011 loading class 0x000000000251c3c0 done


Dynamic libraries:
0x000000013f1c0000 - 0x000000013f1f3000 	C:\Program Files\Java\jre7\bin\javaw.exe
0x00000000776e0000 - 0x000000007788a000 	C:\Windows\SYSTEM32\ntdll.dll
0x0000000077460000 - 0x000000007757f000 	C:\Windows\system32\kernel32.dll
0x000007fefde60000 - 0x000007fefdecb000 	C:\Windows\system32\KERNELBASE.dll
0x000007feff4b0000 - 0x000007feff58b000 	C:\Windows\system32\ADVAPI32.dll
0x000007feff410000 - 0x000007feff4af000 	C:\Windows\system32\msvcrt.dll
0x000007fefdf10000 - 0x000007fefdf2f000 	C:\Windows\SYSTEM32\sechost.dll
0x000007fefe380000 - 0x000007fefe4ad000 	C:\Windows\system32\RPCRT4.dll
0x0000000076fe0000 - 0x00000000770da000 	C:\Windows\system32\USER32.dll
0x000007fefe010000 - 0x000007fefe077000 	C:\Windows\system32\GDI32.dll
0x000007feff8d0000 - 0x000007feff8de000 	C:\Windows\system32\LPK.dll
0x000007feff340000 - 0x000007feff40a000 	C:\Windows\system32\USP10.dll
0x000007fefc2e0000 - 0x000007fefc4d4000 	C:\Windows\WinSxS\amd64_microsoft.windows.common-controls_6595b64144ccf1df_6.0.7601.18837_none_fa3b1e3d17594757\COMCTL32.dll
0x000007fefe080000 - 0x000007fefe0f1000 	C:\Windows\system32\SHLWAPI.dll
0x000007feff9c0000 - 0x000007feff9ee000 	C:\Windows\system32\IMM32.DLL
0x000007feff7a0000 - 0x000007feff8a9000 	C:\Windows\system32\MSCTF.dll
0x0000000073200000 - 0x00000000732d2000 	C:\Program Files\Java\jre7\bin\msvcr100.dll
0x0000000069070000 - 0x0000000069845000 	C:\Program Files\Java\jre7\bin\server\jvm.dll
0x000007fef57f0000 - 0x000007fef57f9000 	C:\Windows\system32\WSOCK32.dll
0x000007fefe4b0000 - 0x000007fefe4fd000 	C:\Windows\system32\WS2_32.dll
0x000007feff330000 - 0x000007feff338000 	C:\Windows\system32\NSI.dll
0x000007fefb9e0000 - 0x000007fefba1b000 	C:\Windows\system32\WINMM.dll
0x00000000778b0000 - 0x00000000778b7000 	C:\Windows\system32\PSAPI.DLL
0x0000000073c60000 - 0x0000000073c6f000 	C:\Program Files\Java\jre7\bin\verify.dll
0x0000000073c30000 - 0x0000000073c58000 	C:\Program Files\Java\jre7\bin\java.dll
0x0000000073680000 - 0x0000000073695000 	C:\Program Files\Java\jre7\bin\zip.dll

VM Arguments:
jvm_args: -Dfile.encoding=UTF-8 -Xbootclasspath:D:\Program Files\adt-bundle-windows-x86_64-20131030\sdk\platforms\android-19\android.jar 
java_command: com.xskj.shifubang.tools.HttpPostUploadUtil
Launcher Type: SUN_STANDARD

Environment Variables:
JAVA_HOME=C:\Program Files\Java\jdk1.7.0_79
CLASSPATH=JAVA_HOME1b\dt.jar;JAVA_HOME\lib\tools.jar;
PATH=JAVA_HOME\bin;JAVA_HOME\jre\bin;C:\Windows\system32;C:\Windows;C:\Windows\System32\Wbem;C:\Windows\System32\WindowsPowerShell\v1.0\
USERNAME=xiaokang
OS=Windows_NT
PROCESSOR_IDENTIFIER=Intel64 Family 6 Model 60 Stepping 3, GenuineIntel



---------------  S Y S T E M  ---------------

OS: Windows 7 , 64 bit Build 7601 Service Pack 1

CPU:total 4 (2 cores per cpu, 2 threads per core) family 6 model 60 stepping 3, cmov, cx8, fxsr, mmx, sse, sse2, sse3, ssse3, sse4.1, sse4.2, popcnt, avx, avx2, aes, erms, ht, tsc, tscinvbit

Memory: 4k page, physical 6237160k(2648008k free), swap 12472484k(7971064k free)

vm_info: Java HotSpot(TM) 64-Bit Server VM (24.79-b02) for windows-amd64 JRE (1.7.0_79-b15), built on Apr 10 2015 12:36:16 by "java_re" with unknown MS VC++:1600

time: Wed Jun 08 10:29:19 2016
elapsed time: 0 seconds

